<?xml version="1.0" encoding="UTF-8"?>
<testng-results ignored="0" total="1" passed="1" failed="0" skipped="0">
  <reporter-output>
  </reporter-output>
  <suite started-at="2026-05-26T22:50:23 IST" name="Default suite" finished-at="2026-05-26T22:50:24 IST" duration-ms="165">
    <groups>
    </groups>
    <test started-at="2026-05-26T22:50:23 IST" name="Default test" finished-at="2026-05-26T22:50:24 IST" duration-ms="165">
      <class name="com.test.Test_Tc001">
        <test-method signature="TestTc001()[pri:0, instance:com.test.Test_Tc001@6d763516]" started-at="2026-05-26T22:50:24 IST" name="TestTc001" finished-at="2026-05-26T22:50:24 IST" duration-ms="24" status="PASS">
          <reporter-output>
          </reporter-output>
        </test-method> <!-- TestTc001 -->
      </class> <!-- com.test.Test_Tc001 -->
    </test> <!-- Default test -->
  </suite> <!-- Default suite -->
</testng-results>
